<?xml version="1.0" encoding="UTF-8"?>
<!-- Generated by org.testng.reporters.JUnitReportReporter -->
<testsuite skipped="0" hostname="DESKTOP-8UCS1B4" name="com.Breville.Tests.ExportProductTest" tests="1" failures="0" timestamp="24 Mar 2021 07:42:07 GMT" time="43.339" errors="0">
  <testcase name="verifyProductExport" time="43.339" classname="com.Breville.Tests.ExportProductTest"/>
</testsuite> <!-- com.Breville.Tests.ExportProductTest -->
