<?xml version="1.0" encoding="UTF-8"?>
<!-- Generated by org.testng.reporters.JUnitReportReporter -->
<testsuite skipped="1" hostname="DESKTOP-8UCS1B4" name="com.Breville.Tests.ProductSearchNameTest" tests="2" failures="0" timestamp="24 Mar 2021 07:42:07 GMT" time="56.832" errors="0">
  <testcase name="verifyProductSearchName" time="23.990" classname="com.Breville.Tests.ProductSearchNameTest"/>
  <testcase name="verifyProductSearchName" time="32.842" classname="com.Breville.Tests.ProductSearchNameTest">
    <skipped/>
  </testcase> <!-- verifyProductSearchName -->
</testsuite> <!-- com.Breville.Tests.ProductSearchNameTest -->
