<?xml version="1.0" encoding="UTF-8"?>
<!-- Generated by org.testng.reporters.JUnitReportReporter -->
<testsuite skipped="0" hostname="DESKTOP-8UCS1B4" name="com.Breville.Tests.ItemStatusLinkTest" tests="5" failures="0" timestamp="24 Mar 2021 07:42:07 GMT" time="116.456" errors="0">
  <testcase name="verifyItemStatusLink" time="23.684" classname="com.Breville.Tests.ItemStatusLinkTest"/>
  <testcase name="verifyItemStatusLink" time="23.902" classname="com.Breville.Tests.ItemStatusLinkTest"/>
  <testcase name="verifyItemStatusLink" time="22.741" classname="com.Breville.Tests.ItemStatusLinkTest"/>
  <testcase name="verifyItemStatusLink" time="23.062" classname="com.Breville.Tests.ItemStatusLinkTest"/>
  <testcase name="verifyItemStatusLink" time="23.067" classname="com.Breville.Tests.ItemStatusLinkTest"/>
</testsuite> <!-- com.Breville.Tests.ItemStatusLinkTest -->
