<?xml version="1.0" encoding="UTF-8"?>
<!-- Generated by org.testng.reporters.JUnitReportReporter -->
<testsuite skipped="0" hostname="DESKTOP-8UCS1B4" name="com.Breville.Tests.BulkPublishTest" tests="1" failures="0" timestamp="19 Mar 2021 07:55:36 GMT" time="15.974" errors="0">
  <testcase name="verifyBulkPublish" time="15.974" classname="com.Breville.Tests.BulkPublishTest"/>
</testsuite> <!-- com.Breville.Tests.BulkPublishTest -->
