<?xml version="1.0" encoding="UTF-8"?>
<!-- Generated by org.testng.reporters.JUnitReportReporter -->
<testsuite skipped="0" hostname="DESKTOP-8UCS1B4" name="com.Breville.Tests.ExportProductTest" tests="1" failures="0" timestamp="18 Mar 2021 07:33:21 GMT" time="50.549" errors="0">
  <testcase name="verifyProductExport" time="50.549" classname="com.Breville.Tests.ExportProductTest"/>
</testsuite> <!-- com.Breville.Tests.ExportProductTest -->
