<?xml version="1.0" encoding="UTF-8"?>
<!-- Generated by org.testng.reporters.JUnitReportReporter -->
<testsuite skipped="1" hostname="DESKTOP-8UCS1B4" name="com.Breville.Tests.BrandNameValidationTest" tests="2" failures="0" timestamp="24 Mar 2021 07:42:07 GMT" time="61.164" errors="0">
  <testcase name="verifyBrandName" time="23.556" classname="com.Breville.Tests.BrandNameValidationTest"/>
  <testcase name="verifyBrandName" time="37.608" classname="com.Breville.Tests.BrandNameValidationTest">
    <skipped/>
  </testcase> <!-- verifyBrandName -->
</testsuite> <!-- com.Breville.Tests.BrandNameValidationTest -->
