<?xml version="1.0" encoding="UTF-8"?>
<!-- Generated by org.testng.reporters.JUnitReportReporter -->
<testsuite skipped="0" hostname="DESKTOP-8UCS1B4" name="com.Breville.Tests.ItemStatusLinkTest" tests="5" failures="0" timestamp="18 Mar 2021 05:36:33 GMT" time="130.306" errors="0">
  <testcase name="verifyItemStatusLink" time="31.627" classname="com.Breville.Tests.ItemStatusLinkTest"/>
  <testcase name="verifyItemStatusLink" time="28.165" classname="com.Breville.Tests.ItemStatusLinkTest"/>
  <testcase name="verifyItemStatusLink" time="22.653" classname="com.Breville.Tests.ItemStatusLinkTest"/>
  <testcase name="verifyItemStatusLink" time="23.373" classname="com.Breville.Tests.ItemStatusLinkTest"/>
  <testcase name="verifyItemStatusLink" time="24.488" classname="com.Breville.Tests.ItemStatusLinkTest"/>
</testsuite> <!-- com.Breville.Tests.ItemStatusLinkTest -->
