<?xml version="1.0" encoding="UTF-8"?>
<!-- Generated by org.testng.reporters.JUnitReportReporter -->
<testsuite skipped="0" hostname="DESKTOP-8UCS1B4" name="com.Breville.APITests.SamplePostTest" tests="4" failures="0" timestamp="02 Feb 2021 07:21:36 GMT" time="5.744" errors="0">
  <testcase name="verifyCustomerDetails" time="1.048" classname="com.Breville.APITests.SamplePostTest"/>
  <testcase name="verifyCustomerDetails" time="1.014" classname="com.Breville.APITests.SamplePostTest"/>
  <testcase name="verifyCustomerDetails" time="2.642" classname="com.Breville.APITests.SamplePostTest"/>
  <testcase name="verifyCustomerDetails" time="1.040" classname="com.Breville.APITests.SamplePostTest"/>
</testsuite> <!-- com.Breville.APITests.SamplePostTest -->
